# JRE version: Java(TM) SE Runtime Environment (20.0.1+9) (build 20.0.1+9-29)
# Java VM: Java HotSpot(TM) 64-Bit Server VM (20.0.1+9-29, mixed mode, sharing, tiered, compressed oops, compressed class ptrs, g1 gc, windows-amd64)
GC Precious Log:
 CardTable entry size: 512
 Card Set container configuration: InlinePtr #cards 4 size 8 Array Of Cards #cards 16 size 48 Howl #buckets 8 coarsen threshold 3686 Howl Bitmap #cards 512 size 80 coarsen threshold 460 Card regions per heap region 1 cards per card region 4096
 CPUs: 16 total, 16 available
 Memory: 15775M
 Large Page Support: Disabled
 NUMA Support: Disabled
 Compressed Oops: Enabled (Zero based)
 Heap Region Size: 2M
 Heap Min Capacity: 8M
 Heap Initial Capacity: 248M
 Heap Max Capacity: 3944M
 Pre-touch: Disabled
 Parallel Workers: 13
 Concurrent Workers: 3
 Concurrent Refinement Workers: 13
 Periodic GC: Disabled
Heap:
 garbage-first heap   total 505856K, used 343334K [0x0000000709800000, 0x0000000800000000)
  region size 2048K, 146 young (299008K), 19 survivors (38912K)
 Metaspace       used 7343K, committed 7552K, reserved 1114112K
  class space    used 526K, committed 640K, reserved 1048576K
GC Heap History (20 events):
Event: 0.913 GC heap before
{Heap before GC invocations=1 (full 0):
 garbage-first heap   total 253952K, used 45721K [0x0000000709800000, 0x0000000800000000)
  region size 2048K, 19 young (38912K), 2 survivors (4096K)
 Metaspace       used 7067K, committed 7232K, reserved 1114112K
  class space    used 520K, committed 576K, reserved 1048576K
}
Event: 0.916 GC heap after
{Heap after GC invocations=2 (full 0):
 garbage-first heap   total 253952K, used 11617K [0x0000000709800000, 0x0000000800000000)
  region size 2048K, 2 young (4096K), 2 survivors (4096K)
 Metaspace       used 7067K, committed 7232K, reserved 1114112K
  class space    used 520K, committed 576K, reserved 1048576K
}
Event: 1.114 GC heap before
{Heap before GC invocations=2 (full 0):
 garbage-first heap   total 253952K, used 159073K [0x0000000709800000, 0x0000000800000000)
  region size 2048K, 74 young (151552K), 2 survivors (4096K)
 Metaspace       used 7116K, committed 7296K, reserved 1114112K
  class space    used 521K, committed 576K, reserved 1048576K
}
Event: 1.120 GC heap after
{Heap after GC invocations=3 (full 0):
 garbage-first heap   total 253952K, used 17920K [0x0000000709800000, 0x0000000800000000)
  region size 2048K, 5 young (10240K), 5 survivors (10240K)
 Metaspace       used 7116K, committed 7296K, reserved 1114112K
  class space    used 521K, committed 576K, reserved 1048576K
}
Event: 1.242 GC heap before
{Heap before GC invocations=3 (full 0):
 garbage-first heap   total 253952K, used 159232K [0x0000000709800000, 0x0000000800000000)
  region size 2048K, 74 young (151552K), 5 survivors (10240K)
 Metaspace       used 7116K, committed 7296K, reserved 1114112K
  class space    used 521K, committed 576K, reserved 1048576K
}
Event: 1.248 GC heap after
{Heap after GC invocations=4 (full 0):
 garbage-first heap   total 253952K, used 23321K [0x0000000709800000, 0x0000000800000000)
  region size 2048K, 8 young (16384K), 8 survivors (16384K)
 Metaspace       used 7116K, committed 7296K, reserved 1114112K
  class space    used 521K, committed 576K, reserved 1048576K
}
Event: 1.362 GC heap before
{Heap before GC invocations=4 (full 0):
 garbage-first heap   total 253952K, used 158489K [0x0000000709800000, 0x0000000800000000)
  region size 2048K, 74 young (151552K), 8 survivors (16384K)
 Metaspace       used 7116K, committed 7296K, reserved 1114112K
  class space    used 521K, committed 576K, reserved 1048576K
}
Event: 1.371 GC heap after
{Heap after GC invocations=5 (full 0):
 garbage-first heap   total 253952K, used 29317K [0x0000000709800000, 0x0000000800000000)
  region size 2048K, 6 young (12288K), 6 survivors (12288K)
 Metaspace       used 7116K, committed 7296K, reserved 1114112K
  class space    used 521K, committed 576K, reserved 1048576K
}
Event: 1.494 GC heap before
{Heap before GC invocations=5 (full 0):
 garbage-first heap   total 253952K, used 168581K [0x0000000709800000, 0x0000000800000000)
  region size 2048K, 74 young (151552K), 6 survivors (12288K)
 Metaspace       used 7116K, committed 7296K, reserved 1114112K
  class space    used 521K, committed 576K, reserved 1048576K
}
Event: 1.503 GC heap after
{Heap after GC invocations=6 (full 0):
 garbage-first heap   total 382976K, used 34178K [0x0000000709800000, 0x0000000800000000)
  region size 2048K, 6 young (12288K), 6 survivors (12288K)
 Metaspace       used 7116K, committed 7296K, reserved 1114112K
  class space    used 521K, committed 576K, reserved 1048576K
}
Event: 1.744 GC heap before
{Heap before GC invocations=6 (full 0):
 garbage-first heap   total 382976K, used 253314K [0x0000000709800000, 0x0000000800000000)
  region size 2048K, 112 young (229376K), 6 survivors (12288K)
 Metaspace       used 7116K, committed 7296K, reserved 1114112K
  class space    used 521K, committed 576K, reserved 1048576K
}
Event: 1.750 GC heap after
{Heap after GC invocations=7 (full 0):
 garbage-first heap   total 382976K, used 39463K [0x0000000709800000, 0x0000000800000000)
  region size 2048K, 8 young (16384K), 8 survivors (16384K)
 Metaspace       used 7116K, committed 7296K, reserved 1114112K
  class space    used 521K, committed 576K, reserved 1048576K
}
Event: 1.963 GC heap before
{Heap before GC invocations=7 (full 0):
 garbage-first heap   total 382976K, used 254503K [0x0000000709800000, 0x0000000800000000)
  region size 2048K, 112 young (229376K), 8 survivors (16384K)
 Metaspace       used 7116K, committed 7296K, reserved 1114112K
  class space    used 521K, committed 576K, reserved 1048576K
}
Event: 1.970 GC heap after
{Heap after GC invocations=8 (full 0):
 garbage-first heap   total 382976K, used 45479K [0x0000000709800000, 0x0000000800000000)
  region size 2048K, 7 young (14336K), 7 survivors (14336K)
 Metaspace       used 7116K, committed 7296K, reserved 1114112K
  class space    used 521K, committed 576K, reserved 1048576K
}
Event: 2.166 GC heap before
{Heap before GC invocations=8 (full 0):
 garbage-first heap   total 382976K, used 264615K [0x0000000709800000, 0x0000000800000000)
  region size 2048K, 112 young (229376K), 7 survivors (14336K)
 Metaspace       used 7116K, committed 7296K, reserved 1114112K
  class space    used 521K, committed 576K, reserved 1048576K
}
Event: 2.174 GC heap after
{Heap after GC invocations=9 (full 0):
 garbage-first heap   total 382976K, used 54826K [0x0000000709800000, 0x0000000800000000)
  region size 2048K, 10 young (20480K), 10 survivors (20480K)
 Metaspace       used 7116K, committed 7296K, reserved 1114112K
  class space    used 521K, committed 576K, reserved 1048576K
}
Event: 2.345 GC heap before
{Heap before GC invocations=9 (full 0):
 garbage-first heap   total 382976K, used 265770K [0x0000000709800000, 0x0000000800000000)
  region size 2048K, 112 young (229376K), 10 survivors (20480K)
 Metaspace       used 7116K, committed 7296K, reserved 1114112K
  class space    used 521K, committed 576K, reserved 1048576K
}
Event: 2.356 GC heap after
{Heap after GC invocations=10 (full 0):
 garbage-first heap   total 505856K, used 63765K [0x0000000709800000, 0x0000000800000000)
  region size 2048K, 11 young (22528K), 11 survivors (22528K)
 Metaspace       used 7116K, committed 7296K, reserved 1114112K
  class space    used 521K, committed 576K, reserved 1048576K
}
Event: 2.553 GC heap before
{Heap before GC invocations=10 (full 0):
 garbage-first heap   total 505856K, used 346389K [0x0000000709800000, 0x0000000800000000)
  region size 2048K, 148 young (303104K), 11 survivors (22528K)
 Metaspace       used 7116K, committed 7296K, reserved 1114112K
  class space    used 521K, committed 576K, reserved 1048576K
}
Event: 2.569 GC heap after
{Heap after GC invocations=11 (full 0):
 garbage-first heap   total 505856K, used 85286K [0x0000000709800000, 0x0000000800000000)
  region size 2048K, 19 young (38912K), 19 survivors (38912K)
 Metaspace       used 7116K, committed 7296K, reserved 1114112K
  class space    used 521K, committed 576K, reserved 1048576K
}

